<?xml version="1.0" encoding="UTF-8"?>
<!-- Generated by org.testng.reporters.JUnitReportReporter -->
<testsuite hostname="LAPTOP-E4E1HDQ6" failures="0" tests="2" name="chavan.vaibhav.Iframe" time="27.968" errors="0" timestamp="2020-04-06T23:06:27 IST" skipped="0">
  <testcase classname="chavan.vaibhav.Iframe" name="findFrame" time="27.901"/>
  <system-out/>
  <testcase classname="chavan.vaibhav.Iframe" name="closeBrowser" time="0.067"/>
  <system-out/>
</testsuite> <!-- chavan.vaibhav.Iframe -->
