<?xml version="1.0" encoding="UTF-8"?>
<!-- Generated by org.testng.reporters.JUnitReportReporter -->
<testsuite hostname="LAPTOP-E4E1HDQ6" failures="0" tests="1" name="miscellaneous.DragAndDrop" time="0.433" errors="0" timestamp="2020-04-11T10:06:39 IST" skipped="0">
  <testcase classname="miscellaneous.DragAndDrop" name="dragTest" time="0.433"/>
  <system-out/>
</testsuite> <!-- miscellaneous.DragAndDrop -->
