<?xml version="1.0" encoding="UTF-8"?>
<!-- Generated by org.testng.reporters.JUnitReportReporter -->
<testsuite hostname="LAPTOP-E4E1HDQ6" failures="0" tests="1" name="miscellaneous.Screenshot" time="15.936" errors="0" timestamp="2020-04-07T16:02:11 IST" skipped="0">
  <testcase classname="miscellaneous.Screenshot" name="testScreenshot" time="15.936"/>
  <system-out/>
</testsuite> <!-- miscellaneous.Screenshot -->
