<?xml version="1.0" encoding="UTF-8"?>
<!-- Generated by org.testng.reporters.JUnitReportReporter -->
<testsuite hostname="LAPTOP-E4E1HDQ6" failures="0" tests="4" name="practicePackage.loginDetailParameterization" time="76.754" errors="0" timestamp="2020-05-05T20:11:54 IST" skipped="0">
  <testcase classname="practicePackage.loginDetailParameterization" name="loginTest" time="23.719"/>
  <system-out/>
  <testcase classname="practicePackage.loginDetailParameterization" name="loginTest" time="19.447"/>
  <system-out/>
  <testcase classname="practicePackage.loginDetailParameterization" name="loginTest" time="16.730"/>
  <system-out/>
  <testcase classname="practicePackage.loginDetailParameterization" name="loginTest" time="16.858"/>
  <system-out/>
</testsuite> <!-- practicePackage.loginDetailParameterization -->
