<?xml version="1.0" encoding="UTF-8"?>
<!-- Generated by org.testng.reporters.JUnitReportReporter -->
<testsuite hostname="LAPTOP-E4E1HDQ6" failures="0" tests="1" name="miscellaneous.AjaxTest" time="0.887" errors="0" timestamp="2020-04-09T11:51:27 IST" skipped="0">
  <testcase classname="miscellaneous.AjaxTest" name="ajaxTest" time="0.887"/>
  <system-out/>
</testsuite> <!-- miscellaneous.AjaxTest -->
