<?xml version="1.0" encoding="UTF-8"?>
<!-- Generated by org.testng.reporters.JUnitReportReporter -->
<testsuite hostname="LAPTOP-E4E1HDQ6" failures="0" tests="1" name="Practice.DataProviderTest" time="0.000" errors="0" timestamp="2020-04-29T23:09:59 IST" skipped="1">
  <testcase classname="Practice.DataProviderTest" name="test" time="0.000">
    <skipped/>
  </testcase> <!-- test -->
  <system-out/>
</testsuite> <!-- Practice.DataProviderTest -->
